

D:\composer8210\BTTBusinessComponent\ForeignExchange\BCForeignExchange\src\com\ibm\btt\bc\fx\impl\CachedRatesProvider.java

D:\composer8210\BTTCHAEJB\ejbModule\com\ibm\btt\cha\ejb\CHASessionHome.java

D:\composer8210\BTTChannels\html\com\ibm\btt\cs\rest\resource\RestUtils.java

D:\composer8210\BTTChannels\html\com\ibm\btt\gui\jsptags\DSETableTagSupport.java

D:\composer8210\BTTChannels\portal\com\ibm\btt\portal\jsptags\PortletTableTagSupport.java

D:\composer8210\BTTChannels\struts\com\ibm\btt\struts\taglib\html\DSETableTagSupport.java

D:\composer8210\BTTCore\command\com\ibm\btt\command\Action.java

D:\composer8210\BTTCore\command\com\ibm\btt\command\CommandTree.java

D:\composer8210\BTTCore\config\com\ibm\btt\config\InitManager.java

D:\composer8210\BTTCore\processor\com\ibm\btt\automaton\ProcessorStatusChangedEventMulticaster.java

D:\composer8210\BTTDatabaseServices\jdbc\com\ibm\btt\services\jdbc\JDBCServicesConnectionManager.java

D:\composer8210\BTTDatabaseServices\journal\com\ibm\btt\services\jdbc\JDBCJournal.java

D:\composer8210\BTTDatabaseServices\store\com\ibm\btt\services\jdbc\JDBCStore.java

D:\composer8210\BTTDatabaseServices\table\com\ibm\btt\services\jdbc\JDBCTable.java

D:\composer8210\BTTRuntimeMonitor\TagMonitorRes\Result\RuntimeMonitor\monitorBase.js

D:\composer8210\BTTRuntimeMonitor\TagMonitorRes\Result\RuntimeMonitor\monitorInst.js

D:\composer8210\BTTTestSuit\AccessibilityCase\src\com\ibm\btt\application\appl\StartServerServlet.java

D:\composer8210\BTTTestSuit\AccessibilityCase\src\com\ibm\btt\application\op\StartUpOp.java

D:\composer8210\BTTTestSuit\AccessibilityCase\src\com\ibm\btt\sample\SampleFileHandler.java

D:\composer8210\BTTTestSuit\AccessibilityCase\WebContent\js\nls\nls\bttsample.js

D:\composer8210\BTTTestSuit\AllWidgetsProject\src\com\ibm\btt\application\appl\StartServerServlet.java

D:\composer8210\BTTTestSuit\AllWidgetsProject\src\com\ibm\btt\application\op\StartUpOp.java

D:\composer8210\BTTTestSuit\AllWidgetsProject\src\com\ibm\btt\application\op\tableOp.java

D:\composer8210\BTTTestSuit\AllWidgetsProject\src\com\ibm\btt\sample\SampleFileHandler.java

D:\composer8210\BTTTestSuit\ForRemoteTest\src\com\ibm\btt\application\op\StartUpOp.java

D:\composer8210\BTTTestSuit\ForRemoteTest\src\com\ibm\btt\application\appl\StartServerServlet.java

D:\composer8210\BTTTestSuit\InternetBankTestWeb\src\com\ibm\btt\application\appl\StartServerServlet.java

D:\composer8210\BTTTestSuit\InternetBankTestWeb\src\com\ibm\btt\application\op\StartUpOp.java

D:\composer8210\BTTTestSuit\InternetBankTestWeb\src\com\ibm\btt\application\op\tableOp.java

D:\composer8210\BTTTestSuit\InternetBankTestWeb\src\com\ibm\btt\sample\SampleFileHandler.java

D:\composer8210\BTTTestSuit\TestWebService\WebServiceBankClient\src\com\ibm\btt\application\appl\StartServerServlet.java

D:\composer8210\BTTTestSuit\TestWebService\WebServiceBankClient\src\com\ibm\btt\application\op\StartUpOp.java

D:\composer8210\BTTTestSuit\TestWebService\WebServiceBankClient\WebContent\js\nls\nls\bttsample.js

D:\composer8210\BTTToolsCommon\com.ibm.btt.tools.common\src\com\ibm\btt\tools\common\bridge\MappingParams.java

D:\composer8210\BTTToolsCommon\com.ibm.btt.tools.common\src\com\ibm\btt\tools\common\job\EventType.java

D:\composer8210\BTTToolsCommon\com.ibm.btt.tools.common\src\com\ibm\btt\tools\common\nls\ui\NLSFileListComposite.java

D:\composer8210\BTTTransactionBuilder\com.ibm.btt.tools.perspective\src\com\ibm\btt\tools\projectexplorer\actions\NewFolderAction.java

D:\composer8210\BTTTransactionBuilder\com.ibm.btt.tools.perspective\src\com\ibm\btt\tools\projectexplorer\actions\NewViewAction.java

D:\composer8210\BTTWeb2Container\BTTWeb20\common\Global.js

D:\composer8210\BTTWeb2Container\BTTWeb20\common\ServicelistAPI.js

D:\composer8210\BTTWeb2Container\BTTWeb20\common\WorkareaAPI.js

D:\composer8210\BTTWeb2Container\BTTWeb20\desktop\view\desk.js

D:\composer8210\BTTWeb2Container\BTTWeb20\common\MessageBox.js

D:\composer8210\BTTWeb2Container\BTTWeb20\common\Util.js

D:\composer8210\BTTWeb2Container\BTTWeb20\desktop\desktop.js

D:\composer8210\BTTWeb2Container\BTTWeb20\desktop\view\fixedboard.js

D:\composer8210\BTTWeb2Container\BTTWeb20\desktop\view\setting.js

D:\composer8210\BTTWeb2Container\BTTWeb20\desktop\view\taskbar.js

D:\composer8210\BTTWeb2Container\BTTWeb20\exception\Console.js

D:\composer8210\BTTWeb2Container\BTTWeb20\desktop\view\desktopicon.js

D:\composer8210\BTTWeb2Container\BTTWeb20\desktop\view\servicetree.js

D:\composer8210\BTTWeb2Container\BTTWeb20\desktop\view\window.js

D:\composer8210\BTTWeb2Container\BTTWeb20\exception\Error.js

D:\composer8210\BTTWeb2Container\BTTWeb20\ioc\component\ComponentIoc.js

D:\composer8210\BTTWeb2Container\BTTWeb20\ioc\component\ServiceIoc.js

D:\composer8210\BTTWeb2Container\BTTWeb20\ioc\core\Engine.js

D:\composer8210\BTTWeb2Container\BTTWeb20\desktop\view\startmenu.js

D:\composer8210\BTTWeb2Container\BTTWeb20\ioc\core\Repository.js

D:\composer8210\BTTWeb2Container\BTTWeb20\ioc\component\LayoutIoc.js

D:\composer8210\BTTWeb2Container\BTTWeb20\ioc\core\ConfigParser.js

D:\composer8210\BTTWeb2Container\BTTWeb20\ioc\core\Factory.js

D:\composer8210\BTTWeb2Container\BTTWeb20\runtime\iContext.js

D:\composer8210\BTTWeb2Container\BTTWeb20\runtime\WgtDefService.js

D:\composer8210\BTTWeb2Container\BTTWeb20\runtime\WidgetDef.js

D:\composer8210\BTTWeb2Container\BTTWeb20\runtime\CatalogService.js

D:\composer8210\BTTWeb2Container\BTTWeb20\workplace\abstractcontroller\AbstractColumnLogic.js

D:\composer8210\BTTWeb2Container\BTTWeb20\runtime\ResourceService.js

D:\composer8210\BTTWeb2Container\BTTWeb20\runtime\Widget.js

D:\composer8210\BTTWeb2Container\BTTWeb20\runtime\WidgetRT.js

D:\composer8210\BTTWeb2Container\BTTWeb20\workplace\abstractcontroller\AbstractPageLogic.js

D:\composer8210\BTTWeb2Container\BTTWeb20\workplace\abstractcontroller\AbstractRowLogic.js

D:\composer8210\BTTWeb2Container\BTTWeb20\workplace\abstractcontroller\AbstractTabLogic.js

D:\composer8210\BTTWeb2Container\BTTWeb20\workplace\controller\PageLogic.js

D:\composer8210\BTTWeb2Container\BTTWeb20\workplace\controller\ServicelistLogic.js

D:\composer8210\BTTWeb2Container\BTTWeb20\workplace\MainPage.js

D:\composer8210\BTTWeb2Container\BTTWeb20\workplace\abstractcontroller\AbstractServicelistLogic.js

D:\composer8210\BTTWeb2Container\BTTWeb20\workplace\model\base\ComponentBase.js

D:\composer8210\BTTWeb2Container\BTTWeb20\workplace\controller\ColumnLogic.js

D:\composer8210\BTTWeb2Container\BTTWeb20\workplace\model\layout\Page.js

D:\composer8210\BTTWeb2Container\BTTWeb20\workplace\controller\RowLogic.js

D:\composer8210\BTTWeb2Container\BTTWeb20\workplace\model\layout\Tab.js

D:\composer8210\BTTWeb2Container\BTTWeb20\workplace\controller\TabLogic.js

D:\composer8210\BTTWeb2Container\BTTWeb20\workplace\model\servicelist\ServiceBase.js

D:\composer8210\BTTWeb2Container\BTTWeb20\workplace\MainPortal.js

D:\composer8210\BTTWeb2Container\BTTWeb20\workplace\model\servicelist\ServiceRepository.js

D:\composer8210\BTTWeb2Container\BTTWeb20\workplace\model\layout\Column.js

D:\composer8210\BTTWeb2Container\BTTWeb20\workplace\model\servicelist\WidgetAttribute.js

D:\composer8210\BTTWeb2Container\BTTWeb20\workplace\model\layout\Row.js

D:\composer8210\BTTWeb2Container\BTTWeb20\workplace\view\ColumnContainerComp.js

D:\composer8210\BTTWeb2Container\BTTWeb20\workplace\model\servicelist\Service.js

D:\composer8210\BTTWeb2Container\BTTWeb20\workplace\view\Container.js

D:\composer8210\BTTWeb2Container\BTTWeb20\workplace\model\servicelist\ServiceCategory.js

D:\composer8210\BTTWeb2Container\BTTWeb20\workplace\view\MenuService.js

D:\composer8210\BTTWeb2Container\BTTWeb20\workplace\model\servicelist\ServiceWidget.js

D:\composer8210\BTTWeb2Container\BTTWeb20\workplace\view\TabContainerComp.js

D:\composer8210\BTTWeb2Container\BTTWeb20\workplace\model\servicelist\WidgetChildren.js

D:\composer8210\BTTWeb2Container\BTTWeb20\workplace\view\Component.js

D:\composer8210\BTTWeb2Container\BTTWeb20\workplace\view\Drag.js

D:\composer8210\BTTWeb2Container\BTTWeb20\workplace\view\PageContainerComp.js

D:\composer8210\BTTWeb2Container\BTTWeb20\workplace\view\WidgetVO.js

D:\composer8210\DSEAccessControlService\src\com\ibm\dse\applsrv\aa\ArrayEnumerator.java

D:\composer8210\DSEAccessControlService\src\com\ibm\dse\applsrv\aa\Association.java

D:\composer8210\DSEAccessControlService\src\com\ibm\dse\applsrv\aa\IntegerKeyEnumerator.java

D:\composer8210\DSEAccessControlService\src\com\ibm\dse\applsrv\aa\DictionaryEnumerator.java

D:\composer8210\DSEAccessControlService\src\com\ibm\dse\applsrv\aa\ValueEnumerator.java

D:\composer8210\DSEFlowProcessorExtensions\src\com\ibm\dse\automaton\ext\CheckAction.java

D:\composer8210\DSEFlowProcessorExtensions\src\com\ibm\dse\automaton\ext\DSEOperationProcessor.java

D:\composer8210\DSEFlowProcessorExtensions\src\com\ibm\dse\automaton\ext\DSEStep.java

D:\composer8210\DSEFlowProcessorExtensions\src\com\ibm\dse\automaton\ext\DSEOperationState.java

D:\composer8210\DSEFlowProcessorExtensions\src\com\ibm\dse\automaton\ext\ExecuteSubflowAct.java

D:\composer8210\DSEFlowProcessorExtensions\src\com\ibm\dse\automaton\ext\StartAction.java

D:\composer8210\DSEFlowProcessorExtensions\src\com\ibm\dse\automaton\ext\ExecuteOperationAct.java

D:\composer8210\DSEHtmlConnector\src\com\ibm\dse\automaton\html\DSEHtmlAbortProcessorException.java

D:\composer8210\DSEHtmlConnector\src\com\ibm\dse\automaton\html\DSEHtmlProcessor.java

D:\composer8210\DSEHtmlConnector\src\com\ibm\dse\automaton\html\DSEHtmlCreateProcessorException.java

D:\composer8210\DSEHtmlConnector\src\com\ibm\dse\automaton\html\DSEHtmlState.java

D:\composer8210\DSEHtmlConnector\src\com\ibm\dse\automaton\html\DSEHtmlProcessorOperation.java

D:\composer8210\DSEHtmlConnector\src\com\ibm\dse\automaton\html\HtmlIndexedCollection.java

D:\composer8210\DSEHtmlConnector\src\com\ibm\dse\automaton\html\HtmlProcessorManager.java

D:\composer8210\DSEHtmlConnector\src\com\ibm\dse\automaton\html\HtmlProcessorXValidate.java

D:\composer8210\DSEHtmlConnector\src\com\ibm\dse\automaton\html\HtmlStateInfo.java

D:\composer8210\DSEHtmlConnector\src\com\ibm\dse\automaton\html\HtmlTransitionDescriptor.java

D:\composer8210\DSEHtmlConnector\src\com\ibm\dse\automaton\html\HtmlProcessorInfo.java

D:\composer8210\DSEHtmlConnector\src\com\ibm\dse\automaton\html\ProcessorOperation.java

D:\composer8210\DSEHtmlConnector\src\com\ibm\dse\automaton\html\ProcessorXValidate.java

D:\composer8210\DSEHtmlConnector\src\com\ibm\dse\automaton\html\TCInfo.java

D:\composer8210\DSEHtmlConnector\src\com\ibm\dse\cs\html\DSEHtmlException.java

D:\composer8210\DSEHtmlConnector\src\com\ibm\dse\cs\html\DSEJspContextServices.java

D:\composer8210\DSEHtmlConnector\src\com\ibm\dse\cs\html\HtmlPresentationHandler.java

D:\composer8210\DSEHtmlConnector\src\com\ibm\dse\cs\html\HtmlRequestHandler.java

D:\composer8210\DSEHtmlConnector\src\com\ibm\dse\cs\html\RequestValidationServices.java

D:\composer8210\DSEHtmlConnector\src\com\ibm\dse\cs\html\DSEHtmlRequestTimeoutException.java

D:\composer8210\DSEHtmlConnector\src\com\ibm\dse\cs\html\HtmlConstants.java

D:\composer8210\DSEHtmlConnector\src\com\ibm\dse\cs\html\HtmlRequestData.java

D:\composer8210\DSEHtmlConnector\src\com\ibm\dse\cs\html\JspContextServices.java

D:\composer8210\DSEJspTags\src\com\ibm\dse\gui\jsptags\DSETableTagSupport.java

D:\composer8210\DSEPresentationServerInfra\src\com\ibm\dse\clientserver\ACLException.java

D:\composer8210\DSEPresentationServerInfra\src\com\ibm\dse\clientserver\ChannelContext.java

D:\composer8210\DSEPresentationServerInfra\src\com\ibm\dse\clientserver\ChannelDriver.java

D:\composer8210\DSEPresentationServerInfra\src\com\ibm\dse\clientserver\ChannelHandler.java

D:\composer8210\DSEPresentationServerInfra\src\com\ibm\dse\clientserver\ChannelSession.java

D:\composer8210\DSEPresentationServerInfra\src\com\ibm\dse\clientserver\ChannelSessionStateChangedEvent.java

D:\composer8210\DSEPresentationServerInfra\src\com\ibm\dse\clientserver\CSSessionManager.java

D:\composer8210\DSEPresentationServerInfra\src\com\ibm\dse\clientserver\ChannelSessionHandler.java

D:\composer8210\DSEPresentationServerInfra\src\com\ibm\dse\clientserver\DSEChannelSession.java

D:\composer8210\DSEPresentationServerInfra\src\com\ibm\dse\clientserver\DSEChannelContext.java

D:\composer8210\DSEPresentationServerInfra\src\com\ibm\dse\clientserver\DSENoRegisteredDeviceTypeException.java

D:\composer8210\DSEPresentationServerInfra\src\com\ibm\dse\clientserver\DSECSServerServiceAlreadyExistsException.java

D:\composer8210\DSEPresentationServerInfra\src\com\ibm\dse\clientserver\ChannelSessionStateChangedListener.java

D:\composer8210\DSEPresentationServerInfra\src\com\ibm\dse\clientserver\DSENoRegisteredRequestHandlerException.java

D:\composer8210\DSEPresentationServerInfra\src\com\ibm\dse\clientserver\DSEPresentationHandler.java

D:\composer8210\DSEPresentationServerInfra\src\com\ibm\dse\clientserver\DSENoRegisteredPresentationHandlerException.java

D:\composer8210\DSEPresentationServerInfra\src\com\ibm\dse\clientserver\DSERequestHandler.java

D:\composer8210\DSEPresentationServerInfra\src\com\ibm\dse\clientserver\HandlerRegistry.java

D:\composer8210\DSEPresentationServerInfra\src\com\ibm\dse\clientserver\RequestHandler.java

D:\composer8210\DSEPresentationServerInfra\src\com\ibm\dse\clientserver\SecurityContextInterface.java

D:\composer8210\DSEPresentationServerInfra\src\com\ibm\dse\clientserver\PresentationHandler.java

D:\composer8210\DSEPresentationServerInfra\src\com\ibm\dse\clientserver\SecurityServiceGetter.java

D:\composer8210\DSEPresentationServerInfra\src\com\ibm\dse\clientserver\SecurityServiceInterface.java

D:\composer8210\DSEPresentationServerInfra\src\com\ibm\dse\cs\servlet\CSEstablishSessionServlet.java

D:\composer8210\DSEPresentationServerInfra\src\com\ibm\dse\cs\servlet\CSNotifClToSrvProtocolServlet.java

D:\composer8210\DSEPresentationServerInfra\src\com\ibm\dse\cs\servlet\CSAssignServiceIdAndServerTIDProtocolServlet.java

D:\composer8210\DSEPresentationServerInfra\src\com\ibm\dse\cs\servlet\CSNotifSrvToClProtocolServlet.java

D:\composer8210\DSEPresentationServerInfra\src\com\ibm\dse\cs\servlet\CSReplyErrorEventMulticaster.java

D:\composer8210\DSEPresentationServerInfra\src\com\ibm\dse\cs\servlet\CSReqProtocolServlet.java

D:\composer8210\DSEPresentationServerInfra\src\com\ibm\dse\cs\servlet\CSServer.java

D:\composer8210\DSEPresentationServerInfra\src\com\ibm\dse\cs\servlet\CSReqServlet.java

D:\composer8210\DSEPresentationServerInfra\src\com\ibm\dse\cs\servlet\DSEReplyErrorException.java

D:\composer8210\DSEPresentationServerInfra\src\com\ibm\dse\cs\servlet\HttpSessionHandler.java

D:\composer8210\DSEPresentationServerInfra\src\com\ibm\dse\cs\servlet\NotificationEventsBuffer.java

D:\composer8210\DSEPresentationServerInfra\src\com\ibm\dse\cs\servlet\RemoteEventProcessorServer.java

D:\composer8210\DSEWosaJxfsDSInfra\src\com\ibm\dse\wosabean\WOSADeviceBean.java

D:\composer8210\DSEXmlConnector\src\com\ibm\dse\cs\xml\XmlRequestHandler.java

D:\composer8210\SandBox\plugins\com.ibm.btt.ui.sandbox_1.0.2\src\com\ibm\btt\ui\sandbox\ExternalBTTProjectImportWizard.java

D:\composer8210\SandBox\plugins\com.ibm.btt.ui.sandbox_1.0.2\src\com\ibm\btt\ui\sandbox\WizardBTTProjectsImportPage.java

